<?xml version="1.0" encoding="UTF-8"?>
<coverage generated="1610012072979" clover="3.2.0">
  <project timestamp="1610012072979" name="All files">
    <metrics statements="7" coveredstatements="6" conditionals="0" coveredconditionals="0" methods="3" coveredmethods="2" elements="10" coveredelements="8" complexity="0" loc="7" ncloc="7" packages="1" files="3" classes="3"/>
    <file name="ShoppingList.js" path="/home/nikhil/training/jest_demo/functional_testing/ShoppingList.js">
      <metrics statements="2" coveredstatements="2" conditionals="0" coveredconditionals="0" methods="0" coveredmethods="0"/>
      <line num="1" count="1" type="stmt"/>
      <line num="8" count="1" type="stmt"/>
    </file>
    <file name="cloneArray.js" path="/home/nikhil/training/jest_demo/functional_testing/cloneArray.js">
      <metrics statements="2" coveredstatements="2" conditionals="0" coveredconditionals="0" methods="1" coveredmethods="1"/>
      <line num="2" count="2" type="stmt"/>
      <line num="5" count="1" type="stmt"/>
    </file>
    <file name="sum.js" path="/home/nikhil/training/jest_demo/functional_testing/sum.js">
      <metrics statements="3" coveredstatements="2" conditionals="0" coveredconditionals="0" methods="2" coveredmethods="1"/>
      <line num="2" count="1" type="stmt"/>
      <line num="6" count="0" type="stmt"/>
      <line num="9" count="1" type="stmt"/>
    </file>
  </project>
</coverage>
