TN:
SF:Integration_Testing/util.js
FN:1,(anonymous_0)
FN:6,(anonymous_1)
FN:14,(anonymous_2)
FN:28,(anonymous_3)
FNF:4
FNH:3
FNDA:2,(anonymous_0)
FNDA:0,(anonymous_1)
FNDA:2,(anonymous_2)
FNDA:1,(anonymous_3)
DA:1,1
DA:3,2
DA:6,1
DA:8,0
DA:9,0
DA:10,0
DA:11,0
DA:14,1
DA:16,2
DA:17,0
DA:19,2
DA:20,0
DA:22,2
DA:23,0
DA:25,2
DA:28,1
DA:30,1
DA:34,0
DA:36,1
DA:39,1
DA:40,1
LF:21
LH:13
BRDA:16,0,0,0
BRDA:16,0,1,2
BRDA:19,1,0,0
BRDA:19,1,1,2
BRDA:19,2,0,2
BRDA:19,2,1,1
BRDA:22,3,0,0
BRDA:22,3,1,2
BRDA:22,4,0,2
BRDA:22,4,1,1
BRDA:30,5,0,0
BRDA:30,5,1,1
BRDA:31,6,0,1
BRDA:31,6,1,1
BRF:14
BRH:10
end_of_record
TN:
SF:functional_testing/ShoppingList.js
FNF:0
FNH:0
DA:1,1
DA:8,1
LF:2
LH:2
BRF:0
BRH:0
end_of_record
TN:
SF:functional_testing/cloneArray.js
FN:1,cloneArray
FNF:1
FNH:1
FNDA:2,cloneArray
DA:2,2
DA:5,1
LF:2
LH:2
BRF:0
BRH:0
end_of_record
TN:
SF:functional_testing/sum.js
FN:1,sum
FN:5,helper
FNF:2
FNH:1
FNDA:1,sum
FNDA:0,helper
DA:2,1
DA:6,0
DA:9,1
LF:3
LH:2
BRF:0
BRH:0
end_of_record
